<?xml version="1.0" encoding="UTF-8"?>
<testsuite name="tests.AddNewContactTests" tests="7" skipped="0" failures="0" errors="0" timestamp="2023-10-18T17:39:49" hostname="QA" time="18.418">
  <properties/>
  <testcase name="addNewContactPositive" classname="tests.AddNewContactTests" time="2.824"/>
  <testcase name="addNewContactPositive" classname="tests.AddNewContactTests" time="2.607"/>
  <testcase name="addNewContactPositive" classname="tests.AddNewContactTests" time="2.553"/>
  <testcase name="addNewContactPositive" classname="tests.AddNewContactTests" time="2.573"/>
  <testcase name="addNewContactPositive" classname="tests.AddNewContactTests" time="2.569"/>
  <testcase name="addNewContactPositiveDTO[0](Contact(name=Jack_2402, lastName=Sparrow, phone=1234562402, email=jack_2402@mail.com, address=Rehovot, description=Pirate))" classname="tests.AddNewContactTests" time="2.635"/>
  <testcase name="addNewContactPositiveDTO[1](Contact(name=Jack_2402, lastName=Sparrow, phone=1234562402, email=jack_2402@mail.com, address=Rehovot, description=Pirate))" classname="tests.AddNewContactTests" time="2.546"/>
  <system-out><![CDATA[]]></system-out>
  <system-err><![CDATA[]]></system-err>
</testsuite>
